03:10:34.944 [main] INFO  com.rishabh.framework.listeners.TestListener - The name of the testcase passed is : runTestData
03:10:34.952 [main] INFO  com.rishabh.framework.listeners.TestListener - runTestData test case started
03:10:34.952 [main] DEBUG com.rishabh.framework.DataProviderTest - Data : Mara Hashimoto Female
03:10:34.952 [main] INFO  com.rishabh.framework.DataProviderTest - runTestData() TC gets completed
03:10:34.952 [main] INFO  com.rishabh.framework.listeners.TestListener - The name of the testcase passed is : runTestData
03:10:34.953 [main] INFO  com.rishabh.framework.listeners.TestListener - runTestData test case started
03:10:34.953 [main] DEBUG com.rishabh.framework.DataProviderTest - Data : Philip Gent Male
03:10:34.953 [main] INFO  com.rishabh.framework.DataProviderTest - runTestData() TC gets completed
03:10:34.954 [main] INFO  com.rishabh.framework.listeners.TestListener - The name of the testcase passed is : runTestData
03:10:34.954 [main] INFO  com.rishabh.framework.listeners.TestListener - runTestData test case started
03:10:34.954 [main] DEBUG com.rishabh.framework.DataProviderTest - Data : Kathleen Hanner Female
03:10:34.954 [main] INFO  com.rishabh.framework.DataProviderTest - runTestData() TC gets completed
03:10:34.955 [main] INFO  com.rishabh.framework.listeners.TestListener - The name of the testcase passed is : runTestData
03:10:34.955 [main] INFO  com.rishabh.framework.listeners.TestListener - runTestData test case started
03:10:34.955 [main] DEBUG com.rishabh.framework.DataProviderTest - Data : Nereida Magwood Female
03:10:34.956 [main] INFO  com.rishabh.framework.DataProviderTest - runTestData() TC gets completed
03:10:34.956 [main] INFO  com.rishabh.framework.listeners.TestListener - The name of the testcase passed is : runTestData
03:10:34.956 [main] INFO  com.rishabh.framework.listeners.TestListener - runTestData test case started
03:10:34.957 [main] DEBUG com.rishabh.framework.DataProviderTest - Data : Gaston Brumm Male
03:10:34.957 [main] INFO  com.rishabh.framework.DataProviderTest - runTestData() TC gets completed
03:10:34.957 [main] INFO  com.rishabh.framework.listeners.TestListener - The name of the testcase passed is : runTestData
03:10:34.958 [main] INFO  com.rishabh.framework.listeners.TestListener - runTestData test case started
03:10:34.958 [main] DEBUG com.rishabh.framework.DataProviderTest - Data : Etta Hurn Female
03:10:34.958 [main] INFO  com.rishabh.framework.DataProviderTest - runTestData() TC gets completed
03:10:34.959 [main] INFO  com.rishabh.framework.listeners.TestListener - The name of the testcase passed is : runTestData
03:10:34.960 [main] INFO  com.rishabh.framework.listeners.TestListener - runTestData test case started
03:10:34.960 [main] DEBUG com.rishabh.framework.DataProviderTest - Data : Earlean Melgar Female
03:10:34.960 [main] INFO  com.rishabh.framework.DataProviderTest - runTestData() TC gets completed
03:10:34.960 [main] INFO  com.rishabh.framework.listeners.TestListener - The name of the testcase passed is : runTestData
03:10:34.990 [main] INFO  com.rishabh.framework.listeners.TestListener - I am onFinish Method  : Test
03:10:35.073 [main] INFO  com.rishabh.framework.BaseTest - Closing the Home Page
