03:10:24.991 [main] DEBUG com.rishabh.framework.AppTest - Hello Rishabh Jaiswal!
03:10:24.995 [main] INFO  com.rishabh.framework.AppTest - AppTest Completed
03:10:33.033 [main] INFO  com.rishabh.framework.BaseTest - Home Page Title is Apple
03:10:33.036 [main] INFO  com.rishabh.framework.listeners.TestListener - I am onStart Method  : Test
03:10:33.057 [main] INFO  com.rishabh.framework.listeners.TestListener - TestMethod test case started
03:10:33.057 [main] DEBUG com.rishabh.framework.AppTest - Hello Jaiswal!
03:10:33.057 [main] INFO  com.rishabh.framework.AppTest - TestMethod() Completed
03:10:33.058 [main] INFO  com.rishabh.framework.listeners.TestListener - The name of the testcase passed is : TestMethod
03:10:33.059 [main] INFO  com.rishabh.framework.listeners.TestListener - getFullHomePageTitle test case started
03:10:33.077 [main] DEBUG com.rishabh.framework.HomePageTest - Apple Full Home Page Title is :Apple
03:10:33.142 [main] ERROR com.rishabh.framework.listeners.TestListener - The name of the testcase failed is : getFullHomePageTitle
03:10:34.031 [main] INFO  com.rishabh.framework.listeners.TestListener - Sucessfully copy the screenshot in directory : /Users/rishabh/Desktop/Desktop/java_automation_framework/src/test/resources/screenshots/
03:10:34.032 [main] INFO  com.rishabh.framework.listeners.TestListener - getHomePageTitle test case started
03:10:34.037 [main] DEBUG com.rishabh.framework.HomePageTest - Apple Home Page Title is :Apple
03:10:34.043 [main] INFO  com.rishabh.framework.HomePageTest - getHomePageTitle() TC gets completed
03:10:34.043 [main] INFO  com.rishabh.framework.listeners.TestListener - The name of the testcase passed is : getHomePageTitle
03:10:34.045 [main] INFO  com.rishabh.framework.DataProviderTest - /Users/rishabh/Desktop/Desktop/java_automation_framework/src/test/resources/testdata/testdata.xlsx
03:10:34.049 [main] DEBUG com.rishabh.framework.utils.ExcelUtils - Inside getTestData() method
03:10:34.918 [main] INFO  com.rishabh.framework.utils.ExcelUtils - Number of rows are : 50
03:10:34.918 [main] INFO  com.rishabh.framework.utils.ExcelUtils - Number of columns are : 8
03:10:34.925 [main] DEBUG com.rishabh.framework.utils.ExcelUtils - Data is Found : Female
03:10:34.926 [main] DEBUG com.rishabh.framework.utils.ExcelUtils - Dulce
03:10:34.927 [main] DEBUG com.rishabh.framework.utils.ExcelUtils - Abril
03:10:34.927 [main] DEBUG com.rishabh.framework.utils.ExcelUtils - Female
03:10:34.927 [main] DEBUG com.rishabh.framework.utils.ExcelUtils - Data is Found : Female
03:10:34.927 [main] DEBUG com.rishabh.framework.utils.ExcelUtils - Mara
03:10:34.928 [main] DEBUG com.rishabh.framework.utils.ExcelUtils - Hashimoto
03:10:34.928 [main] DEBUG com.rishabh.framework.utils.ExcelUtils - Female
03:10:34.928 [main] DEBUG com.rishabh.framework.utils.ExcelUtils - Data is Found : Male
03:10:34.929 [main] DEBUG com.rishabh.framework.utils.ExcelUtils - Philip
03:10:34.929 [main] DEBUG com.rishabh.framework.utils.ExcelUtils - Gent
03:10:34.929 [main] DEBUG com.rishabh.framework.utils.ExcelUtils - Male
03:10:34.931 [main] DEBUG com.rishabh.framework.utils.ExcelUtils - Data is Found : Female
03:10:34.931 [main] DEBUG com.rishabh.framework.utils.ExcelUtils - Kathleen
03:10:34.931 [main] DEBUG com.rishabh.framework.utils.ExcelUtils - Hanner
03:10:34.931 [main] DEBUG com.rishabh.framework.utils.ExcelUtils - Female
03:10:34.932 [main] DEBUG com.rishabh.framework.utils.ExcelUtils - Data is Found : Female
03:10:34.933 [main] DEBUG com.rishabh.framework.utils.ExcelUtils - Nereida
03:10:34.933 [main] DEBUG com.rishabh.framework.utils.ExcelUtils - Magwood
03:10:34.935 [main] DEBUG com.rishabh.framework.utils.ExcelUtils - Female
03:10:34.936 [main] DEBUG com.rishabh.framework.utils.ExcelUtils - Data is Found : Male
03:10:34.936 [main] DEBUG com.rishabh.framework.utils.ExcelUtils - Gaston
03:10:34.937 [main] DEBUG com.rishabh.framework.utils.ExcelUtils - Brumm
03:10:34.937 [main] DEBUG com.rishabh.framework.utils.ExcelUtils - Male
03:10:34.937 [main] DEBUG com.rishabh.framework.utils.ExcelUtils - Data is Found : Female
03:10:34.937 [main] DEBUG com.rishabh.framework.utils.ExcelUtils - Etta
03:10:34.938 [main] DEBUG com.rishabh.framework.utils.ExcelUtils - Hurn
03:10:34.938 [main] DEBUG com.rishabh.framework.utils.ExcelUtils - Female
03:10:34.938 [main] DEBUG com.rishabh.framework.utils.ExcelUtils - Data is Found : Female
03:10:34.938 [main] DEBUG com.rishabh.framework.utils.ExcelUtils - Earlean
03:10:34.939 [main] DEBUG com.rishabh.framework.utils.ExcelUtils - Melgar
03:10:34.939 [main] DEBUG com.rishabh.framework.utils.ExcelUtils - Female
03:10:34.942 [main] INFO  com.rishabh.framework.utils.ExcelUtils - getTestData() gets completed
03:10:34.943 [main] INFO  com.rishabh.framework.listeners.TestListener - runTestData test case started
03:10:34.943 [main] DEBUG com.rishabh.framework.DataProviderTest - Data : Dulce Abril Female
03:10:34.943 [main] INFO  com.rishabh.framework.DataProviderTest - runTestData() TC gets completed
